<?xml version="1.0" encoding="UTF-8"?>
<!-- Generated by org.testng.reporters.JUnitXMLReporter -->
<testsuite ignored="0" hostname="LPT-0919" failures="0" tests="4" name="AESanity" time="0.11" errors="0" timestamp="13 Dec 2021 10:24:00 GMT">
  <testcase classname="com.ae.qa.base.TestBase" name="@BeforeTest setExtent" time="0.081">
    <failure type="java.lang.NullPointerException">
      <![CDATA[java.lang.NullPointerException
at com.ae.qa.base.TestBase.setExtent(TestBase.java:100)
... Removed 24 stack frames]]>
    </failure>
  </testcase> <!-- @BeforeTest setExtent -->
  <testcase classname="com.ae.qa.base.TestBase" name="@BeforeMethod initialization" time="0.0">
    <skipped/>
  </testcase> <!-- @BeforeMethod initialization -->
  <testcase classname="com.ae.qa.base.TestBase" name="@AfterMethod getResult" time="0.0">
    <skipped/>
  </testcase> <!-- @AfterMethod getResult -->
  <testcase classname="com.ae.qa.base.TestBase" name="@BeforeMethod initialization" time="0.0">
    <skipped/>
  </testcase> <!-- @BeforeMethod initialization -->
  <testcase classname="com.ae.qa.base.TestBase" name="@AfterMethod getResult" time="0.0">
    <skipped/>
  </testcase> <!-- @AfterMethod getResult -->
  <testcase classname="com.ae.qa.base.TestBase" name="@BeforeMethod initialization" time="0.0">
    <skipped/>
  </testcase> <!-- @BeforeMethod initialization -->
  <testcase classname="com.ae.qa.base.TestBase" name="@AfterMethod getResult" time="0.0">
    <skipped/>
  </testcase> <!-- @AfterMethod getResult -->
  <testcase classname="com.ae.qa.base.TestBase" name="@BeforeMethod initialization" time="0.0">
    <skipped/>
  </testcase> <!-- @BeforeMethod initialization -->
  <testcase classname="com.ae.qa.base.TestBase" name="@AfterMethod getResult" time="0.0">
    <skipped/>
  </testcase> <!-- @AfterMethod getResult -->
  <testcase classname="com.ae.qa.base.TestBase" name="@AfterTest endReport" time="0.0">
    <skipped/>
  </testcase> <!-- @AfterTest endReport -->
  <testcase classname="com.ae.qa.testcases.TenantsPageTest" name="validateAddNewTenant" time="0.0">
    <skipped/>
  </testcase> <!-- validateAddNewTenant -->
  <testcase classname="com.ae.qa.testcases.TenantsPageTest" name="validateaddNewTenantsWithDuplicateOrgCode" time="0.0">
    <skipped/>
  </testcase> <!-- validateaddNewTenantsWithDuplicateOrgCode -->
  <testcase classname="com.ae.qa.testcases.TenantsPageTest" name="verifyLicenseInfoTest" time="0.0">
    <skipped/>
  </testcase> <!-- verifyLicenseInfoTest -->
  <testcase classname="com.ae.qa.testcases.TenantsPageTest" name="validateTenantsPageTest" time="0.0">
    <skipped/>
  </testcase> <!-- validateTenantsPageTest -->
</testsuite> <!-- AESanity -->
